#0 building with "desktop-linux" instance using docker driver

#1 [internal] load build definition from Dockerfile
#1 transferring dockerfile: 294B 0.0s done
#1 DONE 0.0s

#2 [internal] load metadata for docker.io/library/nginx:alpine
#2 DONE 1.2s

#3 [internal] load metadata for docker.io/library/node:18
#3 DONE 1.4s

#4 [internal] load .dockerignore
#4 transferring context: 2B done
#4 DONE 0.0s

#5 [build 1/6] FROM docker.io/library/node:18@sha256:c6ae79e38498325db67193d391e6ec1d224d96c693a8a4d943498556716d3783
#5 DONE 0.0s

#6 [stage-1 1/2] FROM docker.io/library/nginx:alpine@sha256:42a516af16b852e33b7682d5ef8acbd5d13fe08fecadc7ed98605ba5e3b26ab8
#6 DONE 0.0s

#7 [internal] load build context
#7 transferring context: 787.65kB 0.2s done
#7 DONE 0.2s

#8 [build 2/6] WORKDIR /app
#8 CACHED

#9 [build 3/6] COPY package*.json ./
#9 CACHED

#10 [build 4/6] RUN npm install
#10 CACHED

#11 [build 5/6] COPY . .
#11 DONE 1.3s

#12 [build 6/6] RUN npm run build
#12 0.901 
#12 0.901 > freelance-manager-frontend@1.0.0 build
#12 0.901 > vite build
#12 0.901 
#12 1.107 vite v5.4.19 building for production...
#12 1.159 transforming...
#12 1.179 ✓ 3 modules transformed.
#12 1.199 warnings when minifying css:
#12 1.199 ▲ [WARNING] Expected identifier but found "/" [css-syntax-error]
#12 1.199 
#12 1.199     <stdin>:966:29:
#12 1.199       966 │   background-color: #fbfdff; /
#12 1.199           ╵                              ^
#12 1.199 
#12 1.199 
#12 1.202 rendering chunks...
#12 1.205 computing gzip size...
#12 1.210 ../dist/index.html                 6.89 kB │ gzip: 1.83 kB
#12 1.210 ../dist/assets/main-CpTgWc4Y.css  26.93 kB │ gzip: 6.00 kB
#12 1.210 ../dist/js/main.js                 0.71 kB │ gzip: 0.40 kB
#12 1.210 ✓ built in 80ms
#12 DONE 1.3s

#13 [stage-1 2/2] COPY --from=build /app/dist /usr/share/nginx/html
#13 CACHED

#14 exporting to image
#14 exporting layers done
#14 writing image sha256:4cf2796f46e69b14f66cf2f97debdb5b9c2271e34888e66e6d367fa9e0350ad4 done
#14 DONE 0.0s

View build details: docker-desktop://dashboard/build/desktop-linux/desktop-linux/8ev0wc5z61blcescotb05z7he
